<?xml version="1.0" encoding="UTF-8"?>
<!-- Generated by org.testng.reporters.JUnitReportReporter -->
<testsuite hostname="DESKTOP-U59MBCV" name="com.companyname.projectname.Test.suite2" tests="1" failures="0" timestamp="13 Oct 2017 10:28:45 GMT" time="24.365" errors="0">
  <testcase name="TestCaseController" time="24.365" classname="com.companyname.projectname.Test.suite2"/>
</testsuite> <!-- com.companyname.projectname.Test.suite2 -->
